<?xml version="1.0" encoding="UTF-8"?>
<!-- Generated by org.testng.reporters.JUnitReportReporter -->
<testsuite hostname="LAPTOP-UC8A7BTO" failures="0" tests="5" name="qa.opencart.test.AccountsPageTest" time="0.237" errors="0" timestamp="2023-10-07T16:49:33 IST" skipped="0">
  <testcase classname="qa.opencart.test.AccountsPageTest" name="Accountspagelogotest" time="0.041"/>
  <system-out/>
  <testcase classname="qa.opencart.test.AccountsPageTest" name="Accountspagetitletest" time="0.023"/>
  <system-out/>
  <testcase classname="qa.opencart.test.AccountsPageTest" name="Accountspagesectionheadertest" time="0.071"/>
  <system-out/>
  <testcase classname="qa.opencart.test.AccountsPageTest" name="searchbartest" time="0.062"/>
  <system-out/>
  <testcase classname="qa.opencart.test.AccountsPageTest" name="logoutlinktest" time="0.040"/>
  <system-out/>
</testsuite> <!-- qa.opencart.test.AccountsPageTest -->
